<?xml version="1.0" encoding="UTF-8"?>
<testsuite xmlns:xsi="http://www.w3.org/2001/XMLSchema-instance" xsi:noNamespaceSchemaLocation="https://maven.apache.org/surefire/maven-surefire-plugin/xsd/surefire-test-report-3.0.xsd" version="3.0" name="com.infnet.tp3.repository.AuditLogRepositoryTest" time="0.571" tests="1" errors="0" skipped="0" failures="0">
  <properties>
[...]
</properties>
  <testcase name="shouldSaveAndFindAuditLogsByEntityName" classname="com.infnet.tp3.repository.AuditLogRepositoryTest" time="0.07">
    <system-out><![CDATA[2026-08-19T23:22:25.354-03:00  INFO 57796 --- [           main] t.c.s.AnnotationConfigContextLoaderUtils : Could not detect default configuration classes for test class [com.infnet.tp3.repository.AuditLogRepositoryTest]: AuditLogRepositoryTest does not declare any static, non-private, non-final, nested classes annotated with @Configuration.
2026-08-19T23:22:25.380-03:00  INFO 57796 --- [           main] .b.t.c.SpringBootTestContextBootstrapper : Found @SpringBootConfiguration com.infnet.tp3.Tp3BackendApplication for test class com.infnet.tp3.repository.AuditLogRepositoryTest

  .   ____          _            __ _ _
 /\\ / ___'_ __ _ _(_)_ __  __ _ \ \ \ \
( ( )\___ | '_ | '_| | '_ \/ _` | \ \ \ \
 \\/  ___)| |_)| | | | | || (_| |  ) ) ) )
  '  |____| .__|_| |_|_| |_\__, | / / / /
 =========|_|==============|___/=/_/_/_/
 :: Spring Boot ::                (v3.2.5)

2026-08-19T23:22:25.425-03:00  INFO 57796 --- [           main] c.i.t.repository.AuditLogRepositoryTest  : Starting AuditLogRepositoryTest using Java 21.0.9 with PID 57796 (started by mgalv in C:\Users\mgalv\Projetos-Programacao\Projetos-Faculdade\Engenharia-Disciplinada-Periodo7\INFNET-26E2-26E3\26E2_5\TP3\backend)
2026-08-19T23:22:25.425-03:00 DEBUG 57796 --- [           main] c.i.t.repository.AuditLogRepositoryTest  : Running with Spring Boot v3.2.5, Spring v6.1.6
2026-08-19T23:22:25.425-03:00  INFO 57796 --- [           main] c.i.t.repository.AuditLogRepositoryTest  : No active profile set, falling back to 1 default profile: "default"
2026-08-19T23:22:25.533-03:00 DEBUG 57796 --- [           main] o.s.c.openfeign.FeignClientsRegistrar$1  : Identified candidate component class: file [C:\Users\mgalv\Projetos-Programacao\Projetos-Faculdade\Engenharia-Disciplinada-Periodo7\INFNET-26E2-26E3\26E2_5\TP3\backend\target\classes\com\infnet\tp3\client\ShippingClient.class]
2026-08-19T23:22:25.544-03:00  INFO 57796 --- [           main] .s.d.r.c.RepositoryConfigurationDelegate : Bootstrapping Spring Data JPA repositories in DEFAULT mode.
2026-08-19T23:22:25.563-03:00  INFO 57796 --- [           main] .s.d.r.c.RepositoryConfigurationDelegate : Finished Spring Data repository scanning in 18 ms. Found 3 JPA repository interfaces.
2026-08-19T23:22:25.579-03:00  INFO 57796 --- [           main] beddedDataSourceBeanFactoryPostProcessor : Replacing 'dataSource' DataSource bean with embedded version
2026-08-19T23:22:25.608-03:00  INFO 57796 --- [           main] o.s.j.d.e.EmbeddedDatabaseFactory        : Starting embedded database: url='jdbc:h2:mem:76b731d4-a646-4919-954e-7341d49d74ae;DB_CLOSE_DELAY=-1;DB_CLOSE_ON_EXIT=false', username='sa'
2026-08-19T23:22:25.634-03:00  INFO 57796 --- [           main] o.hibernate.jpa.internal.util.LogHelper  : HHH000204: Processing PersistenceUnitInfo [name: default]
2026-08-19T23:22:25.639-03:00  INFO 57796 --- [           main] o.h.c.internal.RegionFactoryInitiator    : HHH000026: Second-level cache disabled
2026-08-19T23:22:25.646-03:00  INFO 57796 --- [           main] o.s.o.j.p.SpringPersistenceUnitInfo      : No LoadTimeWeaver setup: ignoring JPA class transformer
2026-08-19T23:22:25.648-03:00  WARN 57796 --- [           main] org.hibernate.orm.deprecation            : HHH90000025: H2Dialect does not need to be specified explicitly using 'hibernate.dialect' (remove the property setting and it will be selected by default)
2026-08-19T23:22:25.776-03:00  INFO 57796 --- [           main] o.h.e.t.j.p.i.JtaPlatformInitiator       : HHH000489: No JTA platform available (set 'hibernate.transaction.jta.platform' to enable JTA platform integration)
Hibernate: 
    create table audit_logs (
        id bigint generated by default as identity,
        action varchar(255) not null,
        detail_description varchar(1000),
        entity_id bigint not null,
        entity_name varchar(255) not null,
        new_value varchar(500),
        previous_value varchar(500),
        timestamp timestamp(6) not null,
        primary key (id)
    )
Hibernate: 
    create table order_items (
        id bigint generated by default as identity,
        product_id bigint not null,
        product_name varchar(255) not null,
        quantity integer not null,
        unit_price numeric(10,2) not null,
        order_id bigint,
        primary key (id)
    )
Hibernate: 
    create table orders (
        id bigint generated by default as identity,
        created_at timestamp(6) not null,
        customer_email varchar(255) not null,
        estimated_delivery_days integer,
        items_total numeric(10,2) not null,
        last_modified_at timestamp(6),
        city varchar(255),
        state varchar(255),
        street varchar(255),
        zip_code varchar(255),
        shipping_carrier varchar(100),
        shipping_cost numeric(10,2) not null,
        status varchar(255) not null check (status in ('PENDING','SHIPPED','CANCELLED')),
        total_price numeric(10,2) not null,
        tracking_number varchar(50),
        version bigint,
        primary key (id)
    )
Hibernate: 
    create table products (
        id bigint generated by default as identity,
        created_at timestamp(6) not null,
        description varchar(1000),
        last_modified_at timestamp(6),
        name varchar(255) not null,
        price numeric(10,2) not null,
        stock integer not null,
        version bigint,
        primary key (id)
    )
Hibernate: 
    alter table if exists order_items 
       add constraint FKbioxgbv59vetrxe0ejfubep1w 
       foreign key (order_id) 
       references orders
2026-08-19T23:22:25.784-03:00  INFO 57796 --- [           main] j.LocalContainerEntityManagerFactoryBean : Initialized JPA EntityManagerFactory for persistence unit 'default'
2026-08-19T23:22:25.790-03:00 DEBUG 57796 --- [           main] o.s.c.openfeign.FeignClientFactoryBean   : Creating a FeignClientFactoryBean.
2026-08-19T23:22:25.849-03:00  INFO 57796 --- [           main] c.i.t.repository.AuditLogRepositoryTest  : Started AuditLogRepositoryTest in 0.466 seconds (process running for 10.129)
Hibernate: 
    insert 
    into
        audit_logs
        (action, detail_description, entity_id, entity_name, new_value, previous_value, timestamp, id) 
    values
        (?, ?, ?, ?, ?, ?, ?, default)
Hibernate: 
    insert 
    into
        audit_logs
        (action, detail_description, entity_id, entity_name, new_value, previous_value, timestamp, id) 
    values
        (?, ?, ?, ?, ?, ?, ?, default)
Hibernate: 
    select
        al1_0.id,
        al1_0.action,
        al1_0.detail_description,
        al1_0.entity_id,
        al1_0.entity_name,
        al1_0.new_value,
        al1_0.previous_value,
        al1_0.timestamp 
    from
        audit_logs al1_0 
    where
        al1_0.entity_name=? 
    order by
        al1_0.timestamp desc
]]></system-out>
  </testcase>
</testsuite>